<?xml version="1.0"?>
<testsuites>
  <testsuite name="PhantomJS 2.1.1 (Windows 8 0.0.0)" package="" timestamp="2016-09-13T12:29:17" id="0" hostname="LT000531" tests="32" errors="0" failures="0" time="3.452">
    <properties>
      <property name="browser.fullName" value="Mozilla/5.0 (Windows NT 6.2; WOW64) AppleWebKit/538.1 (KHTML, like Gecko) PhantomJS/2.1.1 Safari/538.1"/>
    </properties>
    <testcase name="should attach form fields to scope" time="0.841" classname="PhantomJS 2.1.1 (Windows 8 0.0.0).Controller: DefinitionAddCtrl"/>
    <testcase name="should post definition with success" time="0.203" classname="PhantomJS 2.1.1 (Windows 8 0.0.0).Controller: DefinitionAddCtrl"/>
    <testcase name="should check cancel function for dialog" time="0.083" classname="PhantomJS 2.1.1 (Windows 8 0.0.0).Controller: DefinitionAddCtrl"/>
    <testcase name="should modify title and description of a definition" time="0.12" classname="PhantomJS 2.1.1 (Windows 8 0.0.0).Controller: DefinitionDetailCtrl"/>
    <testcase name="should init 3 form fields for title, description and parent definition" time="0.081" classname="PhantomJS 2.1.1 (Windows 8 0.0.0).Controller: DefinitionDetailCtrl"/>
    <testcase name="should init list" time="0.148" classname="PhantomJS 2.1.1 (Windows 8 0.0.0).Controller: DefinitionListCtrl"/>
    <testcase name="should attach 4 tabs to the scope" time="0.09" classname="PhantomJS 2.1.1 (Windows 8 0.0.0).Controller: DefinitionTabsCtrl"/>
    <testcase name="should check cancel function for modalInstance" time="0.079" classname="PhantomJS 2.1.1 (Windows 8 0.0.0).Controller: PathAddMethodCtrl"/>
    <testcase name="should check cancel function for modalInstance" time="0.071" classname="PhantomJS 2.1.1 (Windows 8 0.0.0).Controller: PathAddMethodCtrl"/>
    <testcase name="should attach form fields" time="0.126" classname="PhantomJS 2.1.1 (Windows 8 0.0.0).Controller: PathDetailMethodCtrl"/>
    <testcase name="should attach a list of awesomeThings to the scope" time="0.105" classname="PhantomJS 2.1.1 (Windows 8 0.0.0).Controller: PathAddParameterCtrl"/>
    <testcase name="should attach title and description form fields to modal" time="0.088" classname="PhantomJS 2.1.1 (Windows 8 0.0.0).Controller: PathAddCtrl"/>
    <testcase name="should post path with success" time="0.113" classname="PhantomJS 2.1.1 (Windows 8 0.0.0).Controller: PathAddCtrl"/>
    <testcase name="should check cancel function for modalInstance" time="0.1" classname="PhantomJS 2.1.1 (Windows 8 0.0.0).Controller: PathAddCtrl"/>
    <testcase name="should attach 2 form fields to controller" time="0.076" classname="PhantomJS 2.1.1 (Windows 8 0.0.0).Controller: PathDetailCtrl"/>
    <testcase name="should save path by PUT method" time="0.08" classname="PhantomJS 2.1.1 (Windows 8 0.0.0).Controller: PathDetailCtrl"/>
    <testcase name="should attach a list of awesomeThings to the scope" time="0.09" classname="PhantomJS 2.1.1 (Windows 8 0.0.0).Controller: PathListCtrl"/>
    <testcase name="should attach tabs to the scope" time="0.055" classname="PhantomJS 2.1.1 (Windows 8 0.0.0).Controller: PathTabsCtrl"/>
    <testcase name="should attach form fields, property to scope" time="0.083" classname="PhantomJS 2.1.1 (Windows 8 0.0.0).Controller: PropertyDetailCtrl"/>
    <testcase name="should post property with success" time="0.085" classname="PhantomJS 2.1.1 (Windows 8 0.0.0).Controller: PropertyDetailCtrl"/>
    <testcase name="should check cancel function for dialog" time="0.074" classname="PhantomJS 2.1.1 (Windows 8 0.0.0).Controller: PropertyDetailCtrl"/>
    <testcase name="should attach a list predefined statuscodes and formFields to controller" time="0.065" classname="PhantomJS 2.1.1 (Windows 8 0.0.0).Controller: ResponseDetailCtrl"/>
    <testcase name="should check cancel function for dialog" time="0.067" classname="PhantomJS 2.1.1 (Windows 8 0.0.0).Controller: ResponseDetailCtrl"/>
    <testcase name="should check submit function for dialog" time="0.047" classname="PhantomJS 2.1.1 (Windows 8 0.0.0).Controller: ResponseDetailCtrl"/>
    <testcase name="should attach fields to form" time="0.043" classname="PhantomJS 2.1.1 (Windows 8 0.0.0).Controller: SettingDetailCtrl"/>
    <testcase name="TO DO should test get" time="0.046" classname="PhantomJS 2.1.1 (Windows 8 0.0.0).Controller: SettingDetailCtrl"/>
    <testcase name="should test save function" time="0.051" classname="PhantomJS 2.1.1 (Windows 8 0.0.0).Controller: SettingDetailCtrl"/>
    <testcase name="should attach a list of awesomeThings to the scope" time="0.06" classname="PhantomJS 2.1.1 (Windows 8 0.0.0).Controller: TagAddCtrl"/>
    <testcase name="should update list by GET method" time="0.1" classname="PhantomJS 2.1.1 (Windows 8 0.0.0).Controller: TagListCtrl"/>
    <testcase name="should delete a tag with response 200" time="0.062" classname="PhantomJS 2.1.1 (Windows 8 0.0.0).Controller: TagListCtrl"/>
    <testcase name="should do something" time="0.056" classname="PhantomJS 2.1.1 (Windows 8 0.0.0).Service: FormatService"/>
    <testcase name="should check if restangular service is defined" time="0.064" classname="PhantomJS 2.1.1 (Windows 8 0.0.0).Service: restangular"/>
    <system-out><![CDATA[
]]></system-out>
    <system-err/>
  </testsuite>
</testsuites>
